<?xml version="1.0" encoding="UTF-8"?>
<!-- Generated by org.testng.reporters.JUnitReportReporter -->
<testsuite skipped="0" hostname="Shivu" name="payeezy.datadriven.PostCC" tests="1" failures="0" timestamp="2020-04-02T17:34:20 IST" time="13.928" errors="0">
  <testcase name="Post" time="13.928" classname="payeezy.datadriven.PostCC"/>
</testsuite> <!-- payeezy.datadriven.PostCC -->
