<?xml version="1.0" encoding="UTF-8"?>
<!-- Generated by org.testng.reporters.JUnitReportReporter -->
<testsuite skipped="0" hostname="Shivu" name="TC02_Post_Request_Payeezy" tests="1" failures="0" timestamp="30 Nov 2019 05:21:45 GMT" time="6.486" errors="0">
  <testcase name="sendPayeezyRequest" time="6.486" classname="TC02_Post_Request_Payeezy"/>
</testsuite> <!-- TC02_Post_Request_Payeezy -->
