<?xml version="1.0" encoding="UTF-8"?>
<!-- Generated by org.testng.reporters.JUnitReportReporter -->
<testsuite hostname="Shivu" name="TC05_Post_Request_Payeezy" tests="1" failures="0" timestamp="19 Aug 2019 14:58:31 GMT" time="6.986" errors="0">
  <testcase name="sendPayeezyRequest" time="6.986" classname="TC05_Post_Request_Payeezy"/>
</testsuite> <!-- TC05_Post_Request_Payeezy -->
