<?xml version="1.0" encoding="UTF-8"?>
<!-- Generated by org.testng.reporters.JUnitReportReporter -->
<testsuite skipped="0" hostname="Shivu" name="practise.APITest" tests="1" failures="0" timestamp="2020-04-02T16:19:18 IST" time="14.571" errors="0">
  <testcase name="main" time="14.571" classname="practise.APITest"/>
</testsuite> <!-- practise.APITest -->
