<?xml version="1.0" encoding="UTF-8"?>
<!-- Generated by org.testng.reporters.JUnitReportReporter -->
<testsuite hostname="Shivu" name="TC03_Get_Request" tests="1" failures="0" timestamp="19 Aug 2019 17:03:05 GMT" time="4.864" errors="0">
  <testcase name="logTest" time="4.864" classname="TC03_Get_Request"/>
</testsuite> <!-- TC03_Get_Request -->
