<?xml version="1.0" encoding="UTF-8"?>
<!-- Generated by org.testng.reporters.JUnitReportReporter -->
<testsuite hostname="Shivu" name="TC03_RequestLoggingTest" tests="1" failures="0" timestamp="19 Aug 2019 14:34:34 GMT" time="4.893" errors="0">
  <testcase name="logTest" time="4.893" classname="TC03_RequestLoggingTest"/>
</testsuite> <!-- TC03_RequestLoggingTest -->
