<?xml version="1.0" encoding="UTF-8"?>
<!-- Generated by org.testng.reporters.JUnitReportReporter -->
<testsuite skipped="0" hostname="Shivu" name="TC00_Get_Request" tests="1" failures="0" timestamp="30 Nov 2019 14:23:14 GMT" time="0.151" errors="0">
  <testcase name="logTest" time="0.151" classname="TC00_Get_Request"/>
</testsuite> <!-- TC00_Get_Request -->
