<?xml version="1.0" encoding="UTF-8"?>
<!-- Generated by org.testng.reporters.JUnitReportReporter -->
<testsuite skipped="0" hostname="Shivu" name="payeezy.datadriven.PostCC_Void" tests="1" failures="0" timestamp="2020-04-10T21:35:50 IST" time="17.635" errors="0">
  <testcase name="Post" time="17.635" classname="payeezy.datadriven.PostCC_Void"/>
</testsuite> <!-- payeezy.datadriven.PostCC_Void -->
