<?xml version="1.0" encoding="UTF-8"?>
<!-- Generated by org.testng.reporters.JUnitReportReporter -->
<testsuite skipped="0" hostname="Shivu" name="TC04_Post_Request_with_Tags" tests="1" failures="0" timestamp="28 Nov 2019 14:20:53 GMT" time="2.024" errors="0">
  <testcase name="sendPayeezyRequest" time="2.024" classname="TC04_Post_Request_with_Tags"/>
</testsuite> <!-- TC04_Post_Request_with_Tags -->
