<?xml version="1.0" encoding="UTF-8"?>
<!-- Generated by org.testng.reporters.JUnitReportReporter -->
<testsuite hostname="Shivu" name="TC05_Post_Request_with_Tags" tests="1" failures="0" timestamp="20 Aug 2019 15:42:09 GMT" time="6.887" errors="0">
  <testcase name="sendPayeezyRequest" time="6.887" classname="TC05_Post_Request_with_Tags"/>
</testsuite> <!-- TC05_Post_Request_with_Tags -->
