<?xml version="1.0" encoding="UTF-8"?>
<!-- Generated by org.testng.reporters.JUnitReportReporter -->
<testsuite hostname="Shivu" name="TC04_Post_Request_BDD" tests="1" failures="0" timestamp="19 Aug 2019 14:16:17 GMT" time="4.191" errors="0">
  <testcase name="mainBody" time="4.191" classname="TC04_Post_Request_BDD"/>
</testsuite> <!-- TC04_Post_Request_BDD -->
